# JRE version: OpenJDK Runtime Environment 18.9 (11.0.10+9) (build 11.0.10+9-LTS)
# Java VM: OpenJDK 64-Bit Server VM 18.9 (11.0.10+9-LTS, mixed mode, tiered, compressed oops, parallel gc, windows-amd64)
Heap:
 PSYoungGen      total 20480K, used 0K [0x00000000eab00000, 0x00000000ec200000, 0x0000000100000000)
  eden space 19968K, 0% used [0x00000000eab00000,0x00000000eab00000,0x00000000ebe80000)
  from space 512K, 0% used [0x00000000ebf80000,0x00000000ebf80000,0x00000000ec000000)
  to   space 1024K, 0% used [0x00000000ec100000,0x00000000ec100000,0x00000000ec200000)
 ParOldGen       total 68608K, used 24515K [0x00000000c0000000, 0x00000000c4300000, 0x00000000eab00000)
  object space 68608K, 35% used [0x00000000c0000000,0x00000000c17f0c88,0x00000000c4300000)
 Metaspace       used 33216K, capacity 35289K, committed 35416K, reserved 1081344K
  class space    used 3151K, capacity 3875K, committed 3968K, reserved 1048576K
GC Heap History (20 events):
Event: 4.221 GC heap before
{Heap before GC invocations=8 (full 1):
 PSYoungGen      total 27136K, used 27132K [0x00000000eab00000, 0x00000000ec900000, 0x0000000100000000)
  eden space 24576K, 100% used [0x00000000eab00000,0x00000000ec300000,0x00000000ec300000)
  from space 2560K, 99% used [0x00000000ec600000,0x00000000ec87f138,0x00000000ec880000)
  to   space 3072K, 0% used [0x00000000ec300000,0x00000000ec300000,0x00000000ec600000)
 ParOldGen       total 68608K, used 6221K [0x00000000c0000000, 0x00000000c4300000, 0x00000000eab00000)
  object space 68608K, 9% used [0x00000000c0000000,0x00000000c0613560,0x00000000c4300000)
 Metaspace       used 30789K, capacity 32770K, committed 32896K, reserved 1079296K
  class space    used 2970K, capacity 3697K, committed 3712K, reserved 1048576K
}
Event: 4.225 GC heap after
{Heap after GC invocations=8 (full 1):
 PSYoungGen      total 27136K, used 3062K [0x00000000eab00000, 0x00000000ecb80000, 0x0000000100000000)
  eden space 24064K, 0% used [0x00000000eab00000,0x00000000eab00000,0x00000000ec280000)
  from space 3072K, 99% used [0x00000000ec300000,0x00000000ec5fdae8,0x00000000ec600000)
  to   space 4608K, 0% used [0x00000000ec700000,0x00000000ec700000,0x00000000ecb80000)
 ParOldGen       total 68608K, used 7301K [0x00000000c0000000, 0x00000000c4300000, 0x00000000eab00000)
  object space 68608K, 10% used [0x00000000c0000000,0x00000000c0721580,0x00000000c4300000)
 Metaspace       used 30789K, capacity 32770K, committed 32896K, reserved 1079296K
  class space    used 2970K, capacity 3697K, committed 3712K, reserved 1048576K
}
Event: 4.426 GC heap before
{Heap before GC invocations=9 (full 1):
 PSYoungGen      total 27136K, used 27126K [0x00000000eab00000, 0x00000000ecb80000, 0x0000000100000000)
  eden space 24064K, 100% used [0x00000000eab00000,0x00000000ec280000,0x00000000ec280000)
  from space 3072K, 99% used [0x00000000ec300000,0x00000000ec5fdae8,0x00000000ec600000)
  to   space 4608K, 0% used [0x00000000ec700000,0x00000000ec700000,0x00000000ecb80000)
 ParOldGen       total 68608K, used 7301K [0x00000000c0000000, 0x00000000c4300000, 0x00000000eab00000)
  object space 68608K, 10% used [0x00000000c0000000,0x00000000c0721580,0x00000000c4300000)
 Metaspace       used 30980K, capacity 32925K, committed 33152K, reserved 1079296K
  class space    used 2988K, capacity 3706K, committed 3712K, reserved 1048576K
}
Event: 4.436 GC heap after
{Heap after GC invocations=9 (full 1):
 PSYoungGen      total 27648K, used 4595K [0x00000000eab00000, 0x00000000ecd00000, 0x0000000100000000)
  eden space 23040K, 0% used [0x00000000eab00000,0x00000000eab00000,0x00000000ec180000)
  from space 4608K, 99% used [0x00000000ec700000,0x00000000ecb7ce08,0x00000000ecb80000)
  to   space 5632K, 0% used [0x00000000ec180000,0x00000000ec180000,0x00000000ec700000)
 ParOldGen       total 68608K, used 7949K [0x00000000c0000000, 0x00000000c4300000, 0x00000000eab00000)
  object space 68608K, 11% used [0x00000000c0000000,0x00000000c07c35d0,0x00000000c4300000)
 Metaspace       used 30980K, capacity 32925K, committed 33152K, reserved 1079296K
  class space    used 2988K, capacity 3706K, committed 3712K, reserved 1048576K
}
Event: 4.523 GC heap before
{Heap before GC invocations=10 (full 1):
 PSYoungGen      total 27648K, used 27635K [0x00000000eab00000, 0x00000000ecd00000, 0x0000000100000000)
  eden space 23040K, 100% used [0x00000000eab00000,0x00000000ec180000,0x00000000ec180000)
  from space 4608K, 99% used [0x00000000ec700000,0x00000000ecb7ce08,0x00000000ecb80000)
  to   space 5632K, 0% used [0x00000000ec180000,0x00000000ec180000,0x00000000ec700000)
 ParOldGen       total 68608K, used 7949K [0x00000000c0000000, 0x00000000c4300000, 0x00000000eab00000)
  object space 68608K, 11% used [0x00000000c0000000,0x00000000c07c35d0,0x00000000c4300000)
 Metaspace       used 31002K, capacity 32925K, committed 33152K, reserved 1079296K
  class space    used 2988K, capacity 3706K, committed 3712K, reserved 1048576K
}
Event: 4.531 GC heap after
{Heap after GC invocations=10 (full 1):
 PSYoungGen      total 27648K, used 5025K [0x00000000eab00000, 0x00000000ecb00000, 0x0000000100000000)
  eden space 22528K, 0% used [0x00000000eab00000,0x00000000eab00000,0x00000000ec100000)
  from space 5120K, 98% used [0x00000000ec180000,0x00000000ec6686c8,0x00000000ec680000)
  to   space 4608K, 0% used [0x00000000ec680000,0x00000000ec680000,0x00000000ecb00000)
 ParOldGen       total 68608K, used 9704K [0x00000000c0000000, 0x00000000c4300000, 0x00000000eab00000)
  object space 68608K, 14% used [0x00000000c0000000,0x00000000c097a290,0x00000000c4300000)
 Metaspace       used 31002K, capacity 32925K, committed 33152K, reserved 1079296K
  class space    used 2988K, capacity 3706K, committed 3712K, reserved 1048576K
}
Event: 4.612 GC heap before
{Heap before GC invocations=11 (full 1):
 PSYoungGen      total 27648K, used 27553K [0x00000000eab00000, 0x00000000ecb00000, 0x0000000100000000)
  eden space 22528K, 100% used [0x00000000eab00000,0x00000000ec100000,0x00000000ec100000)
  from space 5120K, 98% used [0x00000000ec180000,0x00000000ec6686c8,0x00000000ec680000)
  to   space 4608K, 0% used [0x00000000ec680000,0x00000000ec680000,0x00000000ecb00000)
 ParOldGen       total 68608K, used 9704K [0x00000000c0000000, 0x00000000c4300000, 0x00000000eab00000)
  object space 68608K, 14% used [0x00000000c0000000,0x00000000c097a290,0x00000000c4300000)
 Metaspace       used 31167K, capacity 33053K, committed 33152K, reserved 1079296K
  class space    used 3001K, capacity 3706K, committed 3712K, reserved 1048576K
}
Event: 4.617 GC heap after
{Heap after GC invocations=11 (full 1):
 PSYoungGen      total 24576K, used 4594K [0x00000000eab00000, 0x00000000ed080000, 0x0000000100000000)
  eden space 19968K, 0% used [0x00000000eab00000,0x00000000eab00000,0x00000000ebe80000)
  from space 4608K, 99% used [0x00000000ec680000,0x00000000ecafcb38,0x00000000ecb00000)
  to   space 8192K, 0% used [0x00000000ebe80000,0x00000000ebe80000,0x00000000ec680000)
 ParOldGen       total 68608K, used 12537K [0x00000000c0000000, 0x00000000c4300000, 0x00000000eab00000)
  object space 68608K, 18% used [0x00000000c0000000,0x00000000c0c3e6e0,0x00000000c4300000)
 Metaspace       used 31167K, capacity 33053K, committed 33152K, reserved 1079296K
  class space    used 3001K, capacity 3706K, committed 3712K, reserved 1048576K
}
Event: 4.662 GC heap before
{Heap before GC invocations=12 (full 1):
 PSYoungGen      total 24576K, used 24562K [0x00000000eab00000, 0x00000000ed080000, 0x0000000100000000)
  eden space 19968K, 100% used [0x00000000eab00000,0x00000000ebe80000,0x00000000ebe80000)
  from space 4608K, 99% used [0x00000000ec680000,0x00000000ecafcb38,0x00000000ecb00000)
  to   space 8192K, 0% used [0x00000000ebe80000,0x00000000ebe80000,0x00000000ec680000)
 ParOldGen       total 68608K, used 12537K [0x00000000c0000000, 0x00000000c4300000, 0x00000000eab00000)
  object space 68608K, 18% used [0x00000000c0000000,0x00000000c0c3e6e0,0x00000000c4300000)
 Metaspace       used 31167K, capacity 33053K, committed 33152K, reserved 1079296K
  class space    used 3001K, capacity 3706K, committed 3712K, reserved 1048576K
}
Event: 4.667 GC heap after
{Heap after GC invocations=12 (full 1):
 PSYoungGen      total 22528K, used 2080K [0x00000000eab00000, 0x00000000ec700000, 0x0000000100000000)
  eden space 19968K, 0% used [0x00000000eab00000,0x00000000eab00000,0x00000000ebe80000)
  from space 2560K, 81% used [0x00000000ebe80000,0x00000000ec088000,0x00000000ec100000)
  to   space 4096K, 0% used [0x00000000ec300000,0x00000000ec300000,0x00000000ec700000)
 ParOldGen       total 68608K, used 17127K [0x00000000c0000000, 0x00000000c4300000, 0x00000000eab00000)
  object space 68608K, 24% used [0x00000000c0000000,0x00000000c10b9fd8,0x00000000c4300000)
 Metaspace       used 31167K, capacity 33053K, committed 33152K, reserved 1079296K
  class space    used 3001K, capacity 3706K, committed 3712K, reserved 1048576K
}
Event: 4.717 GC heap before
{Heap before GC invocations=13 (full 1):
 PSYoungGen      total 22528K, used 22048K [0x00000000eab00000, 0x00000000ec700000, 0x0000000100000000)
  eden space 19968K, 100% used [0x00000000eab00000,0x00000000ebe80000,0x00000000ebe80000)
  from space 2560K, 81% used [0x00000000ebe80000,0x00000000ec088000,0x00000000ec100000)
  to   space 4096K, 0% used [0x00000000ec300000,0x00000000ec300000,0x00000000ec700000)
 ParOldGen       total 68608K, used 17127K [0x00000000c0000000, 0x00000000c4300000, 0x00000000eab00000)
  object space 68608K, 24% used [0x00000000c0000000,0x00000000c10b9fd8,0x00000000c4300000)
 Metaspace       used 31167K, capacity 33053K, committed 33152K, reserved 1079296K
  class space    used 3001K, capacity 3706K, committed 3712K, reserved 1048576K
}
Event: 4.722 GC heap after
{Heap after GC invocations=13 (full 1):
 PSYoungGen      total 22528K, used 2400K [0x00000000eab00000, 0x00000000ec580000, 0x0000000100000000)
  eden space 19968K, 0% used [0x00000000eab00000,0x00000000eab00000,0x00000000ebe80000)
  from space 2560K, 93% used [0x00000000ec300000,0x00000000ec558010,0x00000000ec580000)
  to   space 3072K, 0% used [0x00000000ebf80000,0x00000000ebf80000,0x00000000ec280000)
 ParOldGen       total 68608K, used 19135K [0x00000000c0000000, 0x00000000c4300000, 0x00000000eab00000)
  object space 68608K, 27% used [0x00000000c0000000,0x00000000c12affd8,0x00000000c4300000)
 Metaspace       used 31167K, capacity 33053K, committed 33152K, reserved 1079296K
  class space    used 3001K, capacity 3706K, committed 3712K, reserved 1048576K
}
Event: 4.763 GC heap before
{Heap before GC invocations=14 (full 1):
 PSYoungGen      total 22528K, used 22368K [0x00000000eab00000, 0x00000000ec580000, 0x0000000100000000)
  eden space 19968K, 100% used [0x00000000eab00000,0x00000000ebe80000,0x00000000ebe80000)
  from space 2560K, 93% used [0x00000000ec300000,0x00000000ec558010,0x00000000ec580000)
  to   space 3072K, 0% used [0x00000000ebf80000,0x00000000ebf80000,0x00000000ec280000)
 ParOldGen       total 68608K, used 19135K [0x00000000c0000000, 0x00000000c4300000, 0x00000000eab00000)
  object space 68608K, 27% used [0x00000000c0000000,0x00000000c12affd8,0x00000000c4300000)
 Metaspace       used 31167K, capacity 33053K, committed 33152K, reserved 1079296K
  class space    used 3001K, capacity 3706K, committed 3712K, reserved 1048576K
}
Event: 4.776 GC heap after
{Heap after GC invocations=14 (full 1):
 PSYoungGen      total 22016K, used 1824K [0x00000000eab00000, 0x00000000ec380000, 0x0000000100000000)
  eden space 19968K, 0% used [0x00000000eab00000,0x00000000eab00000,0x00000000ebe80000)
  from space 2048K, 89% used [0x00000000ebf80000,0x00000000ec148000,0x00000000ec180000)
  to   space 2048K, 0% used [0x00000000ec180000,0x00000000ec180000,0x00000000ec380000)
 ParOldGen       total 68608K, used 21415K [0x00000000c0000000, 0x00000000c4300000, 0x00000000eab00000)
  object space 68608K, 31% used [0x00000000c0000000,0x00000000c14e9fe8,0x00000000c4300000)
 Metaspace       used 31167K, capacity 33053K, committed 33152K, reserved 1079296K
  class space    used 3001K, capacity 3706K, committed 3712K, reserved 1048576K
}
Event: 5.040 GC heap before
{Heap before GC invocations=15 (full 1):
 PSYoungGen      total 22016K, used 21776K [0x00000000eab00000, 0x00000000ec380000, 0x0000000100000000)
  eden space 19968K, 99% used [0x00000000eab00000,0x00000000ebe7c0d8,0x00000000ebe80000)
  from space 2048K, 89% used [0x00000000ebf80000,0x00000000ec148000,0x00000000ec180000)
  to   space 2048K, 0% used [0x00000000ec180000,0x00000000ec180000,0x00000000ec380000)
 ParOldGen       total 68608K, used 21415K [0x00000000c0000000, 0x00000000c4300000, 0x00000000eab00000)
  object space 68608K, 31% used [0x00000000c0000000,0x00000000c14e9fe8,0x00000000c4300000)
 Metaspace       used 32516K, capacity 34585K, committed 34816K, reserved 1081344K
  class space    used 3066K, capacity 3811K, committed 3840K, reserved 1048576K
}
Event: 5.044 GC heap after
{Heap after GC invocations=15 (full 1):
 PSYoungGen      total 22016K, used 1927K [0x00000000eab00000, 0x00000000ec380000, 0x0000000100000000)
  eden space 19968K, 0% used [0x00000000eab00000,0x00000000eab00000,0x00000000ebe80000)
  from space 2048K, 94% used [0x00000000ec180000,0x00000000ec361db0,0x00000000ec380000)
  to   space 2048K, 0% used [0x00000000ebf80000,0x00000000ebf80000,0x00000000ec180000)
 ParOldGen       total 68608K, used 23231K [0x00000000c0000000, 0x00000000c4300000, 0x00000000eab00000)
  object space 68608K, 33% used [0x00000000c0000000,0x00000000c16affe8,0x00000000c4300000)
 Metaspace       used 32516K, capacity 34585K, committed 34816K, reserved 1081344K
  class space    used 3066K, capacity 3811K, committed 3840K, reserved 1048576K
}
Event: 5.101 GC heap before
{Heap before GC invocations=16 (full 1):
 PSYoungGen      total 22016K, used 6600K [0x00000000eab00000, 0x00000000ec380000, 0x0000000100000000)
  eden space 19968K, 23% used [0x00000000eab00000,0x00000000eaf90448,0x00000000ebe80000)
  from space 2048K, 94% used [0x00000000ec180000,0x00000000ec361db0,0x00000000ec380000)
  to   space 2048K, 0% used [0x00000000ebf80000,0x00000000ebf80000,0x00000000ec180000)
 ParOldGen       total 68608K, used 23231K [0x00000000c0000000, 0x00000000c4300000, 0x00000000eab00000)
  object space 68608K, 33% used [0x00000000c0000000,0x00000000c16affe8,0x00000000c4300000)
 Metaspace       used 33216K, capacity 35289K, committed 35416K, reserved 1081344K
  class space    used 3151K, capacity 3875K, committed 3968K, reserved 1048576K
}
Event: 5.104 GC heap after
{Heap after GC invocations=16 (full 1):
 PSYoungGen      total 20480K, used 160K [0x00000000eab00000, 0x00000000ec200000, 0x0000000100000000)
  eden space 19968K, 0% used [0x00000000eab00000,0x00000000eab00000,0x00000000ebe80000)
  from space 512K, 31% used [0x00000000ebf80000,0x00000000ebfa8000,0x00000000ec000000)
  to   space 1024K, 0% used [0x00000000ec100000,0x00000000ec100000,0x00000000ec200000)
 ParOldGen       total 68608K, used 25008K [0x00000000c0000000, 0x00000000c4300000, 0x00000000eab00000)
  object space 68608K, 36% used [0x00000000c0000000,0x00000000c186c0c8,0x00000000c4300000)
 Metaspace       used 33216K, capacity 35289K, committed 35416K, reserved 1081344K
  class space    used 3151K, capacity 3875K, committed 3968K, reserved 1048576K
}
Event: 5.104 GC heap before
{Heap before GC invocations=17 (full 2):
 PSYoungGen      total 20480K, used 160K [0x00000000eab00000, 0x00000000ec200000, 0x0000000100000000)
  eden space 19968K, 0% used [0x00000000eab00000,0x00000000eab00000,0x00000000ebe80000)
  from space 512K, 31% used [0x00000000ebf80000,0x00000000ebfa8000,0x00000000ec000000)
  to   space 1024K, 0% used [0x00000000ec100000,0x00000000ec100000,0x00000000ec200000)
 ParOldGen       total 68608K, used 25008K [0x00000000c0000000, 0x00000000c4300000, 0x00000000eab00000)
  object space 68608K, 36% used [0x00000000c0000000,0x00000000c186c0c8,0x00000000c4300000)
 Metaspace       used 33216K, capacity 35289K, committed 35416K, reserved 1081344K
  class space    used 3151K, capacity 3875K, committed 3968K, reserved 1048576K
}
Event: 5.267 GC heap after
{Heap after GC invocations=17 (full 2):
 PSYoungGen      total 20480K, used 0K [0x00000000eab00000, 0x00000000ec200000, 0x0000000100000000)
  eden space 19968K, 0% used [0x00000000eab00000,0x00000000eab00000,0x00000000ebe80000)
  from space 512K, 0% used [0x00000000ebf80000,0x00000000ebf80000,0x00000000ec000000)
  to   space 1024K, 0% used [0x00000000ec100000,0x00000000ec100000,0x00000000ec200000)
 ParOldGen       total 68608K, used 24515K [0x00000000c0000000, 0x00000000c4300000, 0x00000000eab00000)
  object space 68608K, 35% used [0x00000000c0000000,0x00000000c17f0c88,0x00000000c4300000)
 Metaspace       used 33216K, capacity 35289K, committed 35416K, reserved 1081344K
  class space    used 3151K, capacity 3875K, committed 3968K, reserved 1048576K
}

